<?xml version="1.0" encoding="UTF-8"?>
<testsuite xmlns:xsi="http://www.w3.org/2001/XMLSchema-instance" xsi:noNamespaceSchemaLocation="https://maven.apache.org/surefire/maven-surefire-plugin/xsd/surefire-test-report.xsd" name="Is it Friday yet?" time="0.29" tests="2" errors="0" skipped="0" failures="0">
  <properties>
    <property name="sun.desktop" value="windows"/>
    <property name="awt.toolkit" value="sun.awt.windows.WToolkit"/>
    <property name="java.specification.version" value="11"/>
    <property name="sun.cpu.isalist" value="amd64"/>
    <property name="sun.jnu.encoding" value="Cp1252"/>
    <property name="java.class.path" value="D:\Users\malsingh1\Documents\PS_Training\asde_batch9_ws\hello-cucumber-demo\target\test-classes;D:\Users\malsingh1\Documents\PS_Training\asde_batch9_ws\hello-cucumber-demo\target\classes;D:\Users\malsingh1\.m2\repository\org\junit\jupiter\junit-jupiter\5.7.2\junit-jupiter-5.7.2.jar;D:\Users\malsingh1\.m2\repository\org\junit\jupiter\junit-jupiter-api\5.7.2\junit-jupiter-api-5.7.2.jar;D:\Users\malsingh1\.m2\repository\org\opentest4j\opentest4j\1.2.0\opentest4j-1.2.0.jar;D:\Users\malsingh1\.m2\repository\org\junit\platform\junit-platform-commons\1.7.2\junit-platform-commons-1.7.2.jar;D:\Users\malsingh1\.m2\repository\org\junit\jupiter\junit-jupiter-params\5.7.2\junit-jupiter-params-5.7.2.jar;D:\Users\malsingh1\.m2\repository\org\junit\jupiter\junit-jupiter-engine\5.7.2\junit-jupiter-engine-5.7.2.jar;D:\Users\malsingh1\.m2\repository\io\cucumber\cucumber-junit\6.10.4\cucumber-junit-6.10.4.jar;D:\Users\malsingh1\.m2\repository\org\apiguardian\apiguardian-api\1.1.1\apiguardian-api-1.1.1.jar;D:\Users\malsingh1\.m2\repository\io\cucumber\cucumber-core\6.10.4\cucumber-core-6.10.4.jar;D:\Users\malsingh1\.m2\repository\io\cucumber\cucumber-gherkin\6.10.4\cucumber-gherkin-6.10.4.jar;D:\Users\malsingh1\.m2\repository\io\cucumber\cucumber-gherkin-messages\6.10.4\cucumber-gherkin-messages-6.10.4.jar;D:\Users\malsingh1\.m2\repository\io\cucumber\messages\15.0.0\messages-15.0.0.jar;D:\Users\malsingh1\.m2\repository\io\cucumber\tag-expressions\3.0.1\tag-expressions-3.0.1.jar;D:\Users\malsingh1\.m2\repository\io\cucumber\cucumber-expressions\10.3.0\cucumber-expressions-10.3.0.jar;D:\Users\malsingh1\.m2\repository\io\cucumber\datatable\3.5.0\datatable-3.5.0.jar;D:\Users\malsingh1\.m2\repository\io\cucumber\cucumber-plugin\6.10.4\cucumber-plugin-6.10.4.jar;D:\Users\malsingh1\.m2\repository\io\cucumber\docstring\6.10.4\docstring-6.10.4.jar;D:\Users\malsingh1\.m2\repository\io\cucumber\html-formatter\13.0.0\html-formatter-13.0.0.jar;D:\Users\malsingh1\.m2\repository\io\cucumber\create-meta\4.0.0\create-meta-4.0.0.jar;D:\Users\malsingh1\.m2\repository\junit\junit\4.13.2\junit-4.13.2.jar;D:\Users\malsingh1\.m2\repository\org\hamcrest\hamcrest-core\1.3\hamcrest-core-1.3.jar;D:\Users\malsingh1\.m2\repository\io\cucumber\cucumber-java\6.10.4\cucumber-java-6.10.4.jar;D:\Users\malsingh1\.m2\repository\io\cucumber\cucumber-junit-platform-engine\6.10.4\cucumber-junit-platform-engine-6.10.4.jar;D:\Users\malsingh1\.m2\repository\org\junit\platform\junit-platform-engine\1.7.1\junit-platform-engine-1.7.1.jar;"/>
    <property name="java.vm.vendor" value="Oracle Corporation"/>
    <property name="sun.arch.data.model" value="64"/>
    <property name="user.variant" value=""/>
    <property name="java.vendor.url" value="https://openjdk.java.net/"/>
    <property name="user.timezone" value="Asia/Calcutta"/>
    <property name="java.vm.specification.version" value="11"/>
    <property name="os.name" value="Windows Server 2016"/>
    <property name="sun.java.launcher" value="SUN_STANDARD"/>
    <property name="user.country" value="US"/>
    <property name="sun.boot.library.path" value="C:\Program Files\Java\jdk-11.0.11\bin"/>
    <property name="sun.java.command" value="D:\Users\malsingh1\AppData\Local\Temp\1\surefire2258461959450053827\surefirebooter18214255984946367939.jar D:\Users\malsingh1\AppData\Local\Temp\1\surefire2258461959450053827 2021-08-09T10-41-46_946-jvmRun1 surefire17078032368556098665tmp surefire_011500556089680445366tmp"/>
    <property name="jdk.debug" value="release"/>
    <property name="surefire.test.class.path" value="D:\Users\malsingh1\Documents\PS_Training\asde_batch9_ws\hello-cucumber-demo\target\test-classes;D:\Users\malsingh1\Documents\PS_Training\asde_batch9_ws\hello-cucumber-demo\target\classes;D:\Users\malsingh1\.m2\repository\org\junit\jupiter\junit-jupiter\5.7.2\junit-jupiter-5.7.2.jar;D:\Users\malsingh1\.m2\repository\org\junit\jupiter\junit-jupiter-api\5.7.2\junit-jupiter-api-5.7.2.jar;D:\Users\malsingh1\.m2\repository\org\opentest4j\opentest4j\1.2.0\opentest4j-1.2.0.jar;D:\Users\malsingh1\.m2\repository\org\junit\platform\junit-platform-commons\1.7.2\junit-platform-commons-1.7.2.jar;D:\Users\malsingh1\.m2\repository\org\junit\jupiter\junit-jupiter-params\5.7.2\junit-jupiter-params-5.7.2.jar;D:\Users\malsingh1\.m2\repository\org\junit\jupiter\junit-jupiter-engine\5.7.2\junit-jupiter-engine-5.7.2.jar;D:\Users\malsingh1\.m2\repository\io\cucumber\cucumber-junit\6.10.4\cucumber-junit-6.10.4.jar;D:\Users\malsingh1\.m2\repository\org\apiguardian\apiguardian-api\1.1.1\apiguardian-api-1.1.1.jar;D:\Users\malsingh1\.m2\repository\io\cucumber\cucumber-core\6.10.4\cucumber-core-6.10.4.jar;D:\Users\malsingh1\.m2\repository\io\cucumber\cucumber-gherkin\6.10.4\cucumber-gherkin-6.10.4.jar;D:\Users\malsingh1\.m2\repository\io\cucumber\cucumber-gherkin-messages\6.10.4\cucumber-gherkin-messages-6.10.4.jar;D:\Users\malsingh1\.m2\repository\io\cucumber\messages\15.0.0\messages-15.0.0.jar;D:\Users\malsingh1\.m2\repository\io\cucumber\tag-expressions\3.0.1\tag-expressions-3.0.1.jar;D:\Users\malsingh1\.m2\repository\io\cucumber\cucumber-expressions\10.3.0\cucumber-expressions-10.3.0.jar;D:\Users\malsingh1\.m2\repository\io\cucumber\datatable\3.5.0\datatable-3.5.0.jar;D:\Users\malsingh1\.m2\repository\io\cucumber\cucumber-plugin\6.10.4\cucumber-plugin-6.10.4.jar;D:\Users\malsingh1\.m2\repository\io\cucumber\docstring\6.10.4\docstring-6.10.4.jar;D:\Users\malsingh1\.m2\repository\io\cucumber\html-formatter\13.0.0\html-formatter-13.0.0.jar;D:\Users\malsingh1\.m2\repository\io\cucumber\create-meta\4.0.0\create-meta-4.0.0.jar;D:\Users\malsingh1\.m2\repository\junit\junit\4.13.2\junit-4.13.2.jar;D:\Users\malsingh1\.m2\repository\org\hamcrest\hamcrest-core\1.3\hamcrest-core-1.3.jar;D:\Users\malsingh1\.m2\repository\io\cucumber\cucumber-java\6.10.4\cucumber-java-6.10.4.jar;D:\Users\malsingh1\.m2\repository\io\cucumber\cucumber-junit-platform-engine\6.10.4\cucumber-junit-platform-engine-6.10.4.jar;D:\Users\malsingh1\.m2\repository\org\junit\platform\junit-platform-engine\1.7.1\junit-platform-engine-1.7.1.jar;"/>
    <property name="sun.cpu.endian" value="little"/>
    <property name="user.home" value="D:\Users\malsingh1"/>
    <property name="user.language" value="en"/>
    <property name="java.specification.vendor" value="Oracle Corporation"/>
    <property name="java.version.date" value="2021-04-20"/>
    <property name="java.home" value="C:\Program Files\Java\jdk-11.0.11"/>
    <property name="file.separator" value="\"/>
    <property name="basedir" value="D:\Users\malsingh1\Documents\PS_Training\asde_batch9_ws\hello-cucumber-demo"/>
    <property name="java.vm.compressedOopsMode" value="Zero based"/>
    <property name="line.separator" value="&#10;"/>
    <property name="java.specification.name" value="Java Platform API Specification"/>
    <property name="java.vm.specification.vendor" value="Oracle Corporation"/>
    <property name="java.awt.graphicsenv" value="sun.awt.Win32GraphicsEnvironment"/>
    <property name="surefire.real.class.path" value="D:\Users\malsingh1\AppData\Local\Temp\1\surefire2258461959450053827\surefirebooter18214255984946367939.jar"/>
    <property name="user.script" value=""/>
    <property name="sun.management.compiler" value="HotSpot 64-Bit Tiered Compilers"/>
    <property name="java.runtime.version" value="11.0.11+9-LTS-194"/>
    <property name="user.name" value="malsingh1"/>
    <property name="path.separator" value=";"/>
    <property name="os.version" value="10.0"/>
    <property name="java.runtime.name" value="Java(TM) SE Runtime Environment"/>
    <property name="file.encoding" value="Cp1252"/>
    <property name="java.vm.name" value="Java HotSpot(TM) 64-Bit Server VM"/>
    <property name="java.vendor.version" value="18.9"/>
    <property name="localRepository" value="D:\Users\malsingh1\.m2\repository"/>
    <property name="java.vendor.url.bug" value="https://bugreport.java.com/bugreport/"/>
    <property name="java.io.tmpdir" value="D:\Users\malsingh1\AppData\Local\Temp\1\"/>
    <property name="java.version" value="11.0.11"/>
    <property name="user.dir" value="D:\Users\malsingh1\Documents\PS_Training\asde_batch9_ws\hello-cucumber-demo"/>
    <property name="os.arch" value="amd64"/>
    <property name="java.vm.specification.name" value="Java Virtual Machine Specification"/>
    <property name="java.awt.printerjob" value="sun.awt.windows.WPrinterJob"/>
    <property name="sun.os.patch.level" value=""/>
    <property name="java.library.path" value="C:\Program Files\Java\jdk-11.0.11\bin;C:\Windows\Sun\Java\bin;C:\Windows\system32;C:\Windows;D:/Users/malsingh1/.p2/pool/plugins/org.eclipse.justj.openjdk.hotspot.jre.full.win32.x86_64_16.0.1.v20210528-1205/jre/bin/server;D:/Users/malsingh1/.p2/pool/plugins/org.eclipse.justj.openjdk.hotspot.jre.full.win32.x86_64_16.0.1.v20210528-1205/jre/bin;C:\Program Files\Java\jdk-11.0.11\bin;C:\Python39\Scripts\;C:\Python39\;C:\Program Files (x86)\Common Files\Oracle\Java\javapath;C:\Program Files\Common Files\Oracle\Java\javapath;C:\Windows\system32;C:\Windows;C:\Windows\System32\Wbem;C:\Windows\System32\WindowsPowerShell\v1.0\;C:\Program Files\Amazon\cfn-bootstrap\;C:\Program Files\Git\cmd;C:\Program Files\nodejs\;C:\ProgramData\chocolatey\bin;C:\apache-maven-3.8.1\bin;C:\Program Files\PuTTY\;D:\Users\malsingh1\AppData\Local\Microsoft\WindowsApps;D:\Users\malsingh1\AppData\Roaming\npm;D:\Users\malsingh1\AppData\Local\Programs\Microsoft VS Code\bin;C:\Program Files\JetBrains\IntelliJ IDEA Community Edition 2021.1.3\bin;;D:\Users\malsingh1\Desktop;;."/>
    <property name="java.vendor" value="Oracle Corporation"/>
    <property name="java.vm.info" value="mixed mode"/>
    <property name="java.vm.version" value="11.0.11+9-LTS-194"/>
    <property name="sun.io.unicode.encoding" value="UnicodeLittle"/>
    <property name="java.class.version" value="55.0"/>
  </properties>
  <testcase name="Sunday is not Friday" classname="Is it Friday yet?" time="0.279"/>
  <testcase name="Friday is Friday" classname="Is it Friday yet?" time="0.003"/>
</testsuite>